<?xml version="1.0" encoding="UTF-8"?>
<!-- Generated by org.testng.reporters.JUnitReportReporter -->
<testsuite skipped="0" hostname="DESKTOP-ATOQJFI" name="com.testjson.TestJsonFile" tests="1" failures="0" timestamp="2020-10-14T07:44:26 PDT" time="68.541" errors="0">
  <testcase name="writeJson" time="68.541" classname="com.testjson.TestJsonFile"/>
  <system-out/>
</testsuite> <!-- com.testjson.TestJsonFile -->
