<?xml version="1.0" encoding="UTF-8"?>
<!-- Generated by org.testng.reporters.JUnitReportReporter -->
<testsuite skipped="1" hostname="DESKTOP-ATOQJFI" name="com.atmecs.blazedemo.testscript.SignupTest" tests="1" failures="0" timestamp="2020-09-28T02:41:47 PDT" time="0.000" errors="0">
  <testcase name="signup" time="0.000" classname="com.atmecs.blazedemo.testscript.SignupTest">
    <skipped/>
  </testcase> <!-- signup -->
  <system-out/>
</testsuite> <!-- com.atmecs.blazedemo.testscript.SignupTest -->
